Build started 12.11.2016 21:21:49.
     1>Project "C:\Users\user\Desktop\Neural-Networks\neural_neworks_simulation\neural_neworks_simulation\neural_neworks_simulation.vcxproj" on node 2 (rebuild target(s)).
     1>_PrepareForClean:
         Deleting file "Release\neural_neworks_simulation.lastbuildstate".
       InitializeBuildStatus:
         Touching "Release\neural_neworks_simulation.unsuccessfulbuild".
       ClCompile:
         D:\Program Files\Microsoft Visual Studio 10.0\VC\bin\CL.exe /c /I"D:\Program Files\Visual Leak Detector\include" /Zi /nologo /W3 /WX- /O2 /Oi /Oy- /GL /D WIN32 /D NDEBUG /D _WINDOWS /D _UNICODE /D UNICODE /Gm- /EHsc /MD /GS /Gy /fp:precise /Zc:wchar_t /Zc:forScope /Fo"Release\\" /Fd"Release\vc100.pdb" /Gd /TP /analyze- /errorReport:prompt linear_algebra\src\matrix2d.cpp linear_algebra\src\vector2d.cpp main\src\main.cpp main\src\utils.cpp neural_networks\src\constants.cpp neural_networks\src\member.cpp neural_networks\src\network.cpp neural_networks\src\neural_network_exception.cpp neural_networks\src\neuron.cpp neural_networks\src\output_node.cpp neural_networks\src\population.cpp neural_networks\src\rand_gen.cpp neural_networks\src\util.cpp restricted_range\src\restricted.cpp restricted_range\src\restricted_range_exception.cpp restricted_range\src\srestricted.cpp simulation\src\mine_sweeper.cpp simulation\src\ini_params.cpp simulation\src\timer.cpp
         matrix2d.cpp
         vector2d.cpp
         main.cpp
         utils.cpp
         constants.cpp
         member.cpp
         network.cpp
         neural_network_exception.cpp
         neuron.cpp
         output_node.cpp
         population.cpp
         rand_gen.cpp
         util.cpp
         restricted.cpp
         restricted_range_exception.cpp
         srestricted.cpp
         mine_sweeper.cpp
         ini_params.cpp
         timer.cpp
       ResourceCompile:
         C:\Program Files\Microsoft SDKs\Windows\v7.0A\bin\rc.exe /D _UNICODE /D UNICODE /l"0x0409" /nologo /fo"Release\neural_neworks_simulation.res" neural_neworks_simulation.rc 
       Link:
         D:\Program Files\Microsoft Visual Studio 10.0\VC\bin\link.exe /ERRORREPORT:PROMPT /OUT:"C:\Users\user\Desktop\Neural-Networks\neural_neworks_simulation\Release\neural_neworks_simulation.exe" /INCREMENTAL:NO /NOLOGO /LIBPATH:"D:\Program Files\Visual Leak Detector\lib\Win32" kernel32.lib user32.lib gdi32.lib winspool.lib comdlg32.lib advapi32.lib shell32.lib ole32.lib oleaut32.lib uuid.lib odbc32.lib odbccp32.lib /MANIFEST /ManifestFile:"Release\neural_neworks_simulation.exe.intermediate.manifest" /MANIFESTUAC:"level='asInvoker' uiAccess='false'" /DEBUG /PDB:"C:\Users\user\Desktop\Neural-Networks\neural_neworks_simulation\Release\neural_neworks_simulation.pdb" /SUBSYSTEM:WINDOWS /OPT:REF /OPT:ICF /LTCG /TLBID:1 /DYNAMICBASE /NXCOMPAT /IMPLIB:"C:\Users\user\Desktop\Neural-Networks\neural_neworks_simulation\Release\neural_neworks_simulation.lib" /MACHINE:X86 Release\neural_neworks_simulation.res
         Release\matrix2d.obj
         Release\vector2d.obj
         Release\main.obj
         Release\utils.obj
         Release\constants.obj
         Release\member.obj
         Release\network.obj
         Release\neural_network_exception.obj
         Release\neuron.obj
         Release\output_node.obj
         Release\population.obj
         Release\rand_gen.obj
         Release\util.obj
         Release\restricted.obj
         Release\restricted_range_exception.obj
         Release\srestricted.obj
         Release\mine_sweeper.obj
         Release\ini_params.obj
         Release\timer.obj
         Generating code
         Finished generating code
         neural_neworks_simulation.vcxproj -> C:\Users\user\Desktop\Neural-Networks\neural_neworks_simulation\Release\neural_neworks_simulation.exe
       Manifest:
         C:\Program Files\Microsoft SDKs\Windows\v7.0A\bin\mt.exe /nologo /verbose /out:"C:\Users\user\Desktop\Neural-Networks\neural_neworks_simulation\Release\neural_neworks_simulation.exe.manifest" /manifest Release\neural_neworks_simulation.exe.intermediate.manifest
       FinalizeBuildStatus:
         Deleting file "Release\neural_neworks_simulation.unsuccessfulbuild".
         Touching "Release\neural_neworks_simulation.lastbuildstate".
     1>Done Building Project "C:\Users\user\Desktop\Neural-Networks\neural_neworks_simulation\neural_neworks_simulation\neural_neworks_simulation.vcxproj" (rebuild target(s)).

Build succeeded.

Time Elapsed 00:00:17.97
