G:\Neural-Networks\neural_neworks_simulation\neural_neworks_simulation\Release\cl.command.1.tlog
G:\Neural-Networks\neural_neworks_simulation\neural_neworks_simulation\Release\CL.read.1.tlog
G:\Neural-Networks\neural_neworks_simulation\neural_neworks_simulation\Release\CL.write.1.tlog
G:\NEURAL-NETWORKS\NEURAL_NEWORKS_SIMULATION\NEURAL_NEWORKS_SIMULATION\RELEASE\CONSTANTS.OBJ
G:\NEURAL-NETWORKS\NEURAL_NEWORKS_SIMULATION\NEURAL_NEWORKS_SIMULATION\RELEASE\CONTROLLER.OBJ
G:\NEURAL-NETWORKS\NEURAL_NEWORKS_SIMULATION\NEURAL_NEWORKS_SIMULATION\RELEASE\INI_PARAMS.OBJ
G:\Neural-Networks\neural_neworks_simulation\neural_neworks_simulation\Release\link.command.1.tlog
G:\Neural-Networks\neural_neworks_simulation\neural_neworks_simulation\Release\link.read.1.tlog
G:\Neural-Networks\neural_neworks_simulation\neural_neworks_simulation\Release\link.write.1.tlog
G:\Neural-Networks\neural_neworks_simulation\neural_neworks_simulation\Release\link-cvtres.read.1.tlog
G:\Neural-Networks\neural_neworks_simulation\neural_neworks_simulation\Release\link-cvtres.write.1.tlog
G:\NEURAL-NETWORKS\NEURAL_NEWORKS_SIMULATION\NEURAL_NEWORKS_SIMULATION\RELEASE\MAIN.OBJ
G:\NEURAL-NETWORKS\NEURAL_NEWORKS_SIMULATION\NEURAL_NEWORKS_SIMULATION\RELEASE\MATRIX2D.OBJ
G:\NEURAL-NETWORKS\NEURAL_NEWORKS_SIMULATION\NEURAL_NEWORKS_SIMULATION\RELEASE\MEMBER.OBJ
G:\NEURAL-NETWORKS\NEURAL_NEWORKS_SIMULATION\NEURAL_NEWORKS_SIMULATION\RELEASE\MINE.OBJ
G:\NEURAL-NETWORKS\NEURAL_NEWORKS_SIMULATION\NEURAL_NEWORKS_SIMULATION\RELEASE\MINE_SWEEPER.OBJ
G:\Neural-Networks\neural_neworks_simulation\neural_neworks_simulation\Release\mt.command.1.tlog
G:\Neural-Networks\neural_neworks_simulation\neural_neworks_simulation\Release\mt.read.1.tlog
G:\Neural-Networks\neural_neworks_simulation\neural_neworks_simulation\Release\mt.write.1.tlog
G:\NEURAL-NETWORKS\NEURAL_NEWORKS_SIMULATION\NEURAL_NEWORKS_SIMULATION\RELEASE\NETWORK.OBJ
G:\NEURAL-NETWORKS\NEURAL_NEWORKS_SIMULATION\NEURAL_NEWORKS_SIMULATION\RELEASE\NEURAL_NETWORK_EXCEPTION.OBJ
G:\NEURAL-NETWORKS\NEURAL_NEWORKS_SIMULATION\NEURAL_NEWORKS_SIMULATION\RELEASE\NEURAL_NEWORKS_SIMULATION.EXE.INTERMEDIATE.MANIFEST
G:\NEURAL-NETWORKS\NEURAL_NEWORKS_SIMULATION\NEURAL_NEWORKS_SIMULATION\RELEASE\NEURAL_NEWORKS_SIMULATION.RES
G:\Neural-Networks\neural_neworks_simulation\neural_neworks_simulation\Release\neural_neworks_simulation.write.1.tlog
G:\NEURAL-NETWORKS\NEURAL_NEWORKS_SIMULATION\NEURAL_NEWORKS_SIMULATION\RELEASE\NEURON.OBJ
G:\NEURAL-NETWORKS\NEURAL_NEWORKS_SIMULATION\NEURAL_NEWORKS_SIMULATION\RELEASE\OUTPUT_NODE.OBJ
G:\NEURAL-NETWORKS\NEURAL_NEWORKS_SIMULATION\NEURAL_NEWORKS_SIMULATION\RELEASE\POPULATION.OBJ
G:\NEURAL-NETWORKS\NEURAL_NEWORKS_SIMULATION\NEURAL_NEWORKS_SIMULATION\RELEASE\RAND_GEN.OBJ
G:\Neural-Networks\neural_neworks_simulation\neural_neworks_simulation\Release\rc.command.1.tlog
G:\Neural-Networks\neural_neworks_simulation\neural_neworks_simulation\Release\rc.read.1.tlog
G:\Neural-Networks\neural_neworks_simulation\neural_neworks_simulation\Release\rc.write.1.tlog
G:\NEURAL-NETWORKS\NEURAL_NEWORKS_SIMULATION\NEURAL_NEWORKS_SIMULATION\RELEASE\RESTRICTED.OBJ
G:\NEURAL-NETWORKS\NEURAL_NEWORKS_SIMULATION\NEURAL_NEWORKS_SIMULATION\RELEASE\RESTRICTED_RANGE_EXCEPTION.OBJ
G:\NEURAL-NETWORKS\NEURAL_NEWORKS_SIMULATION\NEURAL_NEWORKS_SIMULATION\RELEASE\SRESTRICTED.OBJ
G:\NEURAL-NETWORKS\NEURAL_NEWORKS_SIMULATION\NEURAL_NEWORKS_SIMULATION\RELEASE\TIMER.OBJ
G:\NEURAL-NETWORKS\NEURAL_NEWORKS_SIMULATION\NEURAL_NEWORKS_SIMULATION\RELEASE\UTIL.OBJ
G:\NEURAL-NETWORKS\NEURAL_NEWORKS_SIMULATION\NEURAL_NEWORKS_SIMULATION\RELEASE\UTILS.OBJ
G:\NEURAL-NETWORKS\NEURAL_NEWORKS_SIMULATION\NEURAL_NEWORKS_SIMULATION\RELEASE\VC100.PDB
G:\NEURAL-NETWORKS\NEURAL_NEWORKS_SIMULATION\NEURAL_NEWORKS_SIMULATION\RELEASE\VECTOR2D.OBJ
G:\NEURAL-NETWORKS\NEURAL_NEWORKS_SIMULATION\RELEASE\NEURAL_NEWORKS_SIMULATION.EXE
G:\NEURAL-NETWORKS\NEURAL_NEWORKS_SIMULATION\RELEASE\NEURAL_NEWORKS_SIMULATION.EXE.MANIFEST
G:\NEURAL-NETWORKS\NEURAL_NEWORKS_SIMULATION\RELEASE\NEURAL_NEWORKS_SIMULATION.PDB
