C:\USERS\USER\DESKTOP\NEURAL-NETWORKS\NEURAL_NETWORKS_PROJECT\DEBUG\NEURAL_NETWORKS_PROJECT.EXE
C:\USERS\USER\DESKTOP\NEURAL-NETWORKS\NEURAL_NETWORKS_PROJECT\DEBUG\NEURAL_NETWORKS_PROJECT.PDB
C:\Users\user\Desktop\Neural-Networks\neural_networks_project\neural_networks_project\Debug\cl.command.1.tlog
C:\Users\user\Desktop\Neural-Networks\neural_networks_project\neural_networks_project\Debug\CL.read.1.tlog
C:\Users\user\Desktop\Neural-Networks\neural_networks_project\neural_networks_project\Debug\CL.write.1.tlog
C:\USERS\USER\DESKTOP\NEURAL-NETWORKS\NEURAL_NETWORKS_PROJECT\NEURAL_NETWORKS_PROJECT\DEBUG\CONSTANS.OBJ
C:\USERS\USER\DESKTOP\NEURAL-NETWORKS\NEURAL_NETWORKS_PROJECT\NEURAL_NETWORKS_PROJECT\DEBUG\DEBUG.OBJ
C:\Users\user\Desktop\Neural-Networks\neural_networks_project\neural_networks_project\Debug\link.command.1.tlog
C:\Users\user\Desktop\Neural-Networks\neural_networks_project\neural_networks_project\Debug\link.read.1.tlog
C:\Users\user\Desktop\Neural-Networks\neural_networks_project\neural_networks_project\Debug\link.write.1.tlog
C:\USERS\USER\DESKTOP\NEURAL-NETWORKS\NEURAL_NETWORKS_PROJECT\NEURAL_NETWORKS_PROJECT\DEBUG\MAIN.OBJ
C:\Users\user\Desktop\Neural-Networks\neural_networks_project\neural_networks_project\Debug\mt.command.1.tlog
C:\Users\user\Desktop\Neural-Networks\neural_networks_project\neural_networks_project\Debug\mt.read.1.tlog
C:\Users\user\Desktop\Neural-Networks\neural_networks_project\neural_networks_project\Debug\mt.write.1.tlog
C:\USERS\USER\DESKTOP\NEURAL-NETWORKS\NEURAL_NETWORKS_PROJECT\NEURAL_NETWORKS_PROJECT\DEBUG\NETWORK.OBJ
C:\USERS\USER\DESKTOP\NEURAL-NETWORKS\NEURAL_NETWORKS_PROJECT\NEURAL_NETWORKS_PROJECT\DEBUG\NEURAL_NETWORKS_PROJECT.EXE.INTERMEDIATE.MANIFEST
C:\Users\user\Desktop\Neural-Networks\neural_networks_project\neural_networks_project\Debug\neural_networks_project.write.1.tlog
C:\USERS\USER\DESKTOP\NEURAL-NETWORKS\NEURAL_NETWORKS_PROJECT\NEURAL_NETWORKS_PROJECT\DEBUG\NEURON.OBJ
C:\USERS\USER\DESKTOP\NEURAL-NETWORKS\NEURAL_NETWORKS_PROJECT\NEURAL_NETWORKS_PROJECT\DEBUG\OUTPUT_NODE.OBJ
C:\USERS\USER\DESKTOP\NEURAL-NETWORKS\NEURAL_NETWORKS_PROJECT\NEURAL_NETWORKS_PROJECT\DEBUG\RAND_GEN.OBJ
C:\USERS\USER\DESKTOP\NEURAL-NETWORKS\NEURAL_NETWORKS_PROJECT\NEURAL_NETWORKS_PROJECT\DEBUG\STDAFX.OBJ
C:\USERS\USER\DESKTOP\NEURAL-NETWORKS\NEURAL_NETWORKS_PROJECT\NEURAL_NETWORKS_PROJECT\DEBUG\UTIL.OBJ
C:\Users\user\Desktop\Neural-Networks\neural_networks_project\neural_networks_project\Debug\vc100.idb
C:\USERS\USER\DESKTOP\NEURAL-NETWORKS\NEURAL_NETWORKS_PROJECT\NEURAL_NETWORKS_PROJECT\DEBUG\VC100.PDB
