Build started 7.10.2016 19:45:16.
     1>Project "C:\Users\user\Desktop\Neural-Networks\neural_networks_project\neural_networks_project\neural_networks_project.vcxproj" on node 2 (build target(s)).
     1>InitializeBuildStatus:
         Creating "Debug\neural_networks_project.unsuccessfulbuild" because "AlwaysCreate" was specified.
       ClCompile:
         D:\Program Files\Microsoft Visual Studio 10.0\VC\bin\CL.exe /c /ZI /nologo /W3 /WX- /Od /Oy- /D WIN32 /D _DEBUG /D _CONSOLE /D _UNICODE /D UNICODE /Gm /EHsc /RTC1 /MDd /GS /fp:precise /Zc:wchar_t /Zc:forScope /Fo"Debug\\" /Fd"Debug\vc100.pdb" /Gd /TP /analyze- /errorReport:prompt main\src\main.cpp
         main.cpp
       Link:
         D:\Program Files\Microsoft Visual Studio 10.0\VC\bin\link.exe /ERRORREPORT:PROMPT /OUT:"C:\Users\user\Desktop\Neural-Networks\neural_networks_project\Debug\neural_networks_project.exe" /INCREMENTAL:NO /NOLOGO kernel32.lib user32.lib gdi32.lib winspool.lib comdlg32.lib advapi32.lib shell32.lib ole32.lib oleaut32.lib uuid.lib odbc32.lib odbccp32.lib /MANIFEST /ManifestFile:"Debug\neural_networks_project.exe.intermediate.manifest" /MANIFESTUAC:"level='asInvoker' uiAccess='false'" /DEBUG /PDB:"C:\Users\user\Desktop\Neural-Networks\neural_networks_project\Debug\neural_networks_project.pdb" /SUBSYSTEM:CONSOLE /TLBID:1 /DYNAMICBASE /NXCOMPAT /IMPLIB:"C:\Users\user\Desktop\Neural-Networks\neural_networks_project\Debug\neural_networks_project.lib" /MACHINE:X86 Debug\main.obj
         Debug\stdafx.obj
         Debug\network.obj
         Debug\neuron.obj
         Debug\output_node.obj
         Debug\rand_gen.obj
     1>main.obj : warning LNK4075: ignoring '/EDITANDCONTINUE' due to '/INCREMENTAL:NO' specification
         neural_networks_project.vcxproj -> C:\Users\user\Desktop\Neural-Networks\neural_networks_project\Debug\neural_networks_project.exe
       Manifest:
         C:\Program Files\Microsoft SDKs\Windows\v7.0A\bin\mt.exe /nologo /verbose /outputresource:"C:\Users\user\Desktop\Neural-Networks\neural_networks_project\Debug\neural_networks_project.exe;#1" /manifest Debug\neural_networks_project.exe.intermediate.manifest
       FinalizeBuildStatus:
         Deleting file "Debug\neural_networks_project.unsuccessfulbuild".
         Touching "Debug\neural_networks_project.lastbuildstate".
     1>Done Building Project "C:\Users\user\Desktop\Neural-Networks\neural_networks_project\neural_networks_project\neural_networks_project.vcxproj" (build target(s)).

Build succeeded.

Time Elapsed 00:00:03.09
